0 info it worked if it ends with ok
1 verbose cli [ 'C:\\Program Files\\nodejs\\node.exe',
1 verbose cli   'C:\\Users\\DELL\\AppData\\Roaming\\npm\\node_modules\\npm\\bin\\npm-cli.js',
1 verbose cli   'run',
1 verbose cli   'start' ]
2 info using npm@3.10.10
3 info using node@v8.11.1
4 verbose run-script [ 'prestart', 'start', 'poststart' ]
5 info lifecycle teachers-support-teachers@1.0.0~prestart: teachers-support-teachers@1.0.0
6 silly lifecycle teachers-support-teachers@1.0.0~prestart: no script for prestart, continuing
7 info lifecycle teachers-support-teachers@1.0.0~start: teachers-support-teachers@1.0.0
8 verbose lifecycle teachers-support-teachers@1.0.0~start: unsafe-perm in lifecycle true
9 verbose lifecycle teachers-support-teachers@1.0.0~start: PATH: C:\Users\DELL\AppData\Roaming\npm\node_modules\npm\bin\node-gyp-bin;C:\Users\DELL\Desktop\TST Project\Teachers-Support-Teachers\node_modules\.bin;C:\Windows\system32;C:\Windows;C:\Windows\System32\Wbem;C:\Windows\System32\WindowsPowerShell\v1.0\;C:\Windows\system32\config\systemprofile\.dnx\bin;C:\Program Files\Microsoft DNX\Dnvm\;C:\Program Files\Microsoft SQL Server\120\Tools\Binn\;C:\Program Files (x86)\Microsoft SQL Server\100\Tools\Binn\;C:\Program Files\Microsoft SQL Server\100\Tools\Binn\;C:\Program Files\Microsoft SQL Server\100\DTS\Binn\;C:\Program Files (x86)\Microsoft SQL Server\100\Tools\Binn\VSShell\Common7\IDE\;C:\Program Files (x86)\Microsoft Visual Studio 9.0\Common7\IDE\PrivateAssemblies\;C:\Program Files (x86)\Microsoft SQL Server\100\DTS\Binn\;C:\Program Files\nodejs\;C:\apache-maven-3.5.3\bin;C:\Program Files\Java\jdk1.8.0_161\bin;C:\Users\DELL\AppData\Local\Android\Sdk;C:\Program Files\Git\cmd;C:\Program Files\Docker\Docker\resources\bin;C:\ProgramData\DockerDesktop\version-bin;C:\Program Files\heroku\bin\;C:\Users\DELL\AppData\Local\Microsoft\WindowsApps;C:\Users\DELL\AppData\Roaming\npm;C:\Users\DELL\AppData\Local\Programs\Microsoft VS Code\bin;C:\Program Files\Docker\Docker\resources\bin;C:\Program Files\heroku\bin
10 verbose lifecycle teachers-support-teachers@1.0.0~start: CWD: C:\Users\DELL\Desktop\TST Project\Teachers-Support-Teachers
11 silly lifecycle teachers-support-teachers@1.0.0~start: Args: [ '/d /s /c', 'node server.js' ]
12 verbose stack Error: kill ENOSYS
12 verbose stack     at Object._errnoException (util.js:1022:11)
12 verbose stack     at process.kill (internal/process.js:183:18)
12 verbose stack     at process.listener (C:\Users\DELL\AppData\Roaming\npm\node_modules\npm\node_modules\npmlog\node_modules\gauge\node_modules\signal-exit\index.js:86:15)
12 verbose stack     at emitNone (events.js:111:20)
12 verbose stack     at process.emit (events.js:208:7)
12 verbose stack     at processEmit (C:\Users\DELL\AppData\Roaming\npm\node_modules\npm\node_modules\npmlog\node_modules\gauge\node_modules\signal-exit\index.js:146:32)
12 verbose stack     at processEmit (C:\Users\DELL\AppData\Roaming\npm\node_modules\npm\node_modules\npm-registry-client\node_modules\npmlog\node_modules\gauge\node_modules\signal-exit\index.js:146:32)
12 verbose stack     at Signal.wrap.onsignal (internal/process.js:208:44)
13 verbose cwd C:\Users\DELL\Desktop\TST Project\Teachers-Support-Teachers
14 error Windows_NT 10.0.16299
15 error argv "C:\\Program Files\\nodejs\\node.exe" "C:\\Users\\DELL\\AppData\\Roaming\\npm\\node_modules\\npm\\bin\\npm-cli.js" "run" "start"
16 error node v8.11.1
17 error npm  v3.10.10
18 error code ENOSYS
19 error errno ENOSYS
20 error syscall kill
21 error kill ENOSYS
22 error If you need help, you may report this error at:
22 error     <https://github.com/npm/npm/issues>
23 verbose exit [ 1, true ]
